\BOOKMARK [1][-]{section.1}{Introduction}{}% 1
\BOOKMARK [1][-]{section.2}{Goals}{}% 2
\BOOKMARK [1][-]{section.3}{Dataset}{}% 3
\BOOKMARK [2][-]{subsection.3.1}{Game Modes}{section.3}% 4
\BOOKMARK [2][-]{subsection.3.2}{Maps}{section.3}% 5
\BOOKMARK [2][-]{subsection.3.3}{Heroes}{section.3}% 6
\BOOKMARK [2][-]{subsection.3.4}{Players}{section.3}% 7
\BOOKMARK [1][-]{section.4}{Methods}{}% 8
\BOOKMARK [2][-]{subsection.4.1}{Initial Modeling}{section.4}% 9
\BOOKMARK [2][-]{subsection.4.2}{Initial Feature Selection}{section.4}% 10
\BOOKMARK [2][-]{subsection.4.3}{Feature Experiments}{section.4}% 11
\BOOKMARK [2][-]{subsection.4.4}{Feature Normalization}{section.4}% 12
\BOOKMARK [2][-]{subsection.4.5}{Dataset Size}{section.4}% 13
\BOOKMARK [2][-]{subsection.4.6}{Model Selection}{section.4}% 14
\BOOKMARK [2][-]{subsection.4.7}{Model Architecture}{section.4}% 15
\BOOKMARK [1][-]{section.5}{Building the Final Model}{}% 16
\BOOKMARK [1][-]{section.6}{Results}{}% 17
\BOOKMARK [2][-]{subsection.6.1}{Benchmark model}{section.6}% 18
\BOOKMARK [2][-]{subsection.6.2}{Accuracy}{section.6}% 19
\BOOKMARK [2][-]{subsection.6.3}{Calibration}{section.6}% 20
\BOOKMARK [2][-]{subsection.6.4}{Confidence}{section.6}% 21
\BOOKMARK [1][-]{section.7}{Conclusions}{}% 22
\BOOKMARK [2][-]{subsection.7.1}{Reflection}{section.7}% 23
\BOOKMARK [2][-]{subsection.7.2}{Improvements}{section.7}% 24
